<?xml version="1.0" encoding="UTF-8"?>
<testsuite xmlns:xsi="http://www.w3.org/2001/XMLSchema-instance" xsi:noNamespaceSchemaLocation="https://maven.apache.org/surefire/maven-surefire-plugin/xsd/surefire-test-report.xsd" version="3.0.2" name="TestSuite" time="24.645" tests="2" errors="0" skipped="0" failures="0">
  <properties>
[...]
</properties>
  <testcase name="runScenario[&quot;Search for the Product on chrome browser&quot;, &quot;SnapDeal homepage feature testing&quot;](1)" classname="runner.testrunner" time="12.132">
    <system-out><![CDATA[
@check1
Scenario Outline: Search for the Product on chrome browser # file:///C:/Users/Siddhant/eclipse-workspace/cucumberTest/src/test/resources/features/snapDealHomePage.feature:15
  ✔ And Launch the url "https://www.snapdeal.com/"         # stepDef.snapDealHomePageStepDef.launchURL(java.lang.String)
User is on homepage validated
  ✔ When User is on the Home page                          # stepDef.snapDealHomePageStepDef.userHomePage()
[siddhant, awasthi, noida]
siddhant
siddhant1
  ✔ And Dismiss the popover if displayed                   # stepDef.snapDealHomePageStepDef.dismissPopover(io.cucumber.datatable.DataTable)
      | siddhant  | awasthi  | noida  |
      | siddhant1 | awasthi1 | noida1 |
]]></system-out>
    <system-err><![CDATA[SLF4J(W): No SLF4J providers were found.
SLF4J(W): Defaulting to no-operation (NOP) logger implementation
SLF4J(W): See https://www.slf4j.org/codes.html#noProviders for further details.
Nov 16, 2025 6:07:05 PM org.openqa.selenium.devtools.CdpVersionFinder findNearestMatch
WARNING: Unable to find an exact match for CDP version 142, returning the closest version; found: 139; Please update to a Selenium version that supports CDP version 142
]]></system-err>
  </testcase>
  <testcase name="feature[&quot;Search for the Product on chrome browser&quot;, &quot;SnapDeal homepage feature testing&quot;](1)" classname="runner.testrunner" time="11.814">
    <system-out><![CDATA[
@check1
Scenario Outline: Search for the Product on chrome browser # file:///C:/Users/Siddhant/eclipse-workspace/cucumberTest/src/test/resources/features/snapDealHomePage.feature:15
  ✔ And Launch the url "https://www.snapdeal.com/"         # stepDef.snapDealHomePageStepDef.launchURL(java.lang.String)
User is on homepage validated
  ✔ When User is on the Home page                          # stepDef.snapDealHomePageStepDef.userHomePage()
[siddhant, awasthi, noida]
siddhant
siddhant1
  ✔ And Dismiss the popover if displayed                   # stepDef.snapDealHomePageStepDef.dismissPopover(io.cucumber.datatable.DataTable)
      | siddhant  | awasthi  | noida  |
      | siddhant1 | awasthi1 | noida1 |
]]></system-out>
    <system-err><![CDATA[Nov 16, 2025 6:07:17 PM org.openqa.selenium.devtools.CdpVersionFinder findNearestMatch
WARNING: Unable to find an exact match for CDP version 142, returning the closest version; found: 139; Please update to a Selenium version that supports CDP version 142
]]></system-err>
  </testcase>
</testsuite>