<?xml version="1.0" encoding="UTF-8"?>
<testng-results ignored="0" total="2" passed="2" failed="0" skipped="0">
  <reporter-output>
  </reporter-output>
  <suite started-at="2025-11-16T18:07:04 IST" name="Suite" finished-at="2025-11-16T18:07:28 IST" duration-ms="24307">
    <groups>
      <group name="cucumber">
        <method signature="AbstractTestNGCucumberTests.runScenario(io.cucumber.testng.PickleWrapper,io.cucumber.testng.FeatureWrapper)[pri:0, instance:runner.testrunner@6c6cb480]" name="runScenario" class="io.cucumber.testng.AbstractTestNGCucumberTests"/>
        <method signature="testrunner.feature(io.cucumber.testng.PickleWrapper,io.cucumber.testng.FeatureWrapper)[pri:0, instance:runner.testrunner@6c6cb480]" name="feature" class="runner.testrunner"/>
      </group> <!-- cucumber -->
    </groups>
    <test started-at="2025-11-16T18:07:04 IST" name="Test" finished-at="2025-11-16T18:07:28 IST" duration-ms="24307">
      <class name="runner.testrunner">
        <test-method is-config="true" signature="setUpClass(org.testng.ITestContext)[pri:0, instance:runner.testrunner@6c6cb480]" started-at="2025-11-16T18:07:04 IST" name="setUpClass" finished-at="2025-11-16T18:07:04 IST" duration-ms="319" status="PASS">
          <params>
            <param index="0">
              <value>
                <![CDATA[org.testng.TestRunner@3730ab42]]>
              </value>
            </param>
          </params>
          <reporter-output>
          </reporter-output>
        </test-method> <!-- setUpClass -->
        <test-method is-config="true" signature="setUpClass()[pri:0, instance:runner.testrunner@6c6cb480]" started-at="2025-11-16T18:07:04 IST" name="setUpClass" finished-at="2025-11-16T18:07:04 IST" duration-ms="9" status="PASS">
          <reporter-output>
          </reporter-output>
        </test-method> <!-- setUpClass -->
        <test-method signature="runScenario(io.cucumber.testng.PickleWrapper,io.cucumber.testng.FeatureWrapper)[pri:0, instance:runner.testrunner@6c6cb480]" started-at="2025-11-16T18:07:04 IST" name="runScenario" description="Runs Cucumber Scenarios" data-provider="scenarios" finished-at="2025-11-16T18:07:16 IST" duration-ms="12132" status="PASS">
          <params>
            <param index="0">
              <value>
                <![CDATA["Search for the Product on chrome browser"]]>
              </value>
            </param>
            <param index="1">
              <value>
                <![CDATA["SnapDeal homepage feature testing"]]>
              </value>
            </param>
          </params>
          <reporter-output>
          </reporter-output>
        </test-method> <!-- runScenario -->
        <test-method signature="feature(io.cucumber.testng.PickleWrapper,io.cucumber.testng.FeatureWrapper)[pri:0, instance:runner.testrunner@6c6cb480]" started-at="2025-11-16T18:07:16 IST" name="feature" description="Runs Cucumber Feature" data-provider="features" finished-at="2025-11-16T18:07:28 IST" duration-ms="11814" status="PASS">
          <params>
            <param index="0">
              <value>
                <![CDATA["Search for the Product on chrome browser"]]>
              </value>
            </param>
            <param index="1">
              <value>
                <![CDATA["SnapDeal homepage feature testing"]]>
              </value>
            </param>
          </params>
          <reporter-output>
          </reporter-output>
        </test-method> <!-- feature -->
        <test-method is-config="true" signature="tearDownClass()[pri:0, instance:runner.testrunner@6c6cb480]" started-at="2025-11-16T18:07:28 IST" name="tearDownClass" finished-at="2025-11-16T18:07:28 IST" duration-ms="10" status="PASS">
          <reporter-output>
          </reporter-output>
        </test-method> <!-- tearDownClass -->
      </class> <!-- runner.testrunner -->
    </test> <!-- Test -->
  </suite> <!-- Suite -->
</testng-results>
