<?xml version="1.0" encoding="UTF-8"?>
<testng-results ignored="0" total="2" passed="2" failed="0" skipped="0">
  <reporter-output>
  </reporter-output>
  <suite started-at="2025-11-16T17:45:05 IST" name="Default suite" finished-at="2025-11-16T17:45:30 IST" duration-ms="24906">
    <groups>
      <group name="cucumber">
        <method signature="AbstractTestNGCucumberTests.runScenario(io.cucumber.testng.PickleWrapper,io.cucumber.testng.FeatureWrapper)[pri:0, instance:runner.testrunner@f79e]" name="runScenario" class="io.cucumber.testng.AbstractTestNGCucumberTests"/>
        <method signature="testrunner.feature(io.cucumber.testng.PickleWrapper,io.cucumber.testng.FeatureWrapper)[pri:0, instance:runner.testrunner@f79e]" name="feature" class="runner.testrunner"/>
      </group> <!-- cucumber -->
    </groups>
    <test started-at="2025-11-16T17:45:05 IST" name="Default test" finished-at="2025-11-16T17:45:30 IST" duration-ms="24906">
      <class name="runner.testrunner">
        <test-method is-config="true" signature="setUpClass(org.testng.ITestContext)[pri:0, instance:runner.testrunner@f79e]" started-at="2025-11-16T17:45:05 IST" name="setUpClass" finished-at="2025-11-16T17:45:05 IST" duration-ms="458" status="PASS">
          <params>
            <param index="0">
              <value>
                <![CDATA[org.testng.TestRunner@6b0615ae]]>
              </value>
            </param>
          </params>
          <reporter-output>
          </reporter-output>
        </test-method> <!-- setUpClass -->
        <test-method is-config="true" signature="setUpClass()[pri:0, instance:runner.testrunner@f79e]" started-at="2025-11-16T17:45:05 IST" name="setUpClass" finished-at="2025-11-16T17:45:05 IST" duration-ms="13" status="PASS">
          <reporter-output>
          </reporter-output>
        </test-method> <!-- setUpClass -->
        <test-method signature="runScenario(io.cucumber.testng.PickleWrapper,io.cucumber.testng.FeatureWrapper)[pri:0, instance:runner.testrunner@f79e]" started-at="2025-11-16T17:45:05 IST" name="runScenario" description="Runs Cucumber Scenarios" data-provider="scenarios" finished-at="2025-11-16T17:45:18 IST" duration-ms="13295" status="PASS">
          <params>
            <param index="0">
              <value>
                <![CDATA["Search for the Product on chrome browser"]]>
              </value>
            </param>
            <param index="1">
              <value>
                <![CDATA["SnapDeal homepage feature testing"]]>
              </value>
            </param>
          </params>
          <reporter-output>
          </reporter-output>
        </test-method> <!-- runScenario -->
        <test-method signature="feature(io.cucumber.testng.PickleWrapper,io.cucumber.testng.FeatureWrapper)[pri:0, instance:runner.testrunner@f79e]" started-at="2025-11-16T17:45:18 IST" name="feature" description="Runs Cucumber Feature" data-provider="features" finished-at="2025-11-16T17:45:30 IST" duration-ms="11094" status="PASS">
          <params>
            <param index="0">
              <value>
                <![CDATA["Search for the Product on chrome browser"]]>
              </value>
            </param>
            <param index="1">
              <value>
                <![CDATA["SnapDeal homepage feature testing"]]>
              </value>
            </param>
          </params>
          <reporter-output>
          </reporter-output>
        </test-method> <!-- feature -->
        <test-method is-config="true" signature="tearDownClass()[pri:0, instance:runner.testrunner@f79e]" started-at="2025-11-16T17:45:30 IST" name="tearDownClass" finished-at="2025-11-16T17:45:30 IST" duration-ms="12" status="PASS">
          <reporter-output>
          </reporter-output>
        </test-method> <!-- tearDownClass -->
      </class> <!-- runner.testrunner -->
    </test> <!-- Default test -->
  </suite> <!-- Default suite -->
</testng-results>
